2021-03-03 00:06:11 [main] INFO  com.example.demo.SareetaApplication - Starting SareetaApplication on morifis001 with PID 7516 (C:\dev\udacity\nd035-c4-Security-and-DevOps\starter_code\target\classes started by morifis in C:\dev\udacity\nd035-c4-Security-and-DevOps\starter_code)
2021-03-03 00:06:12 [main] DEBUG com.example.demo.SareetaApplication - Running with Spring Boot v2.3.2.RELEASE, Spring v5.2.8.RELEASE
2021-03-03 00:06:12 [main] INFO  com.example.demo.SareetaApplication - No active profile set, falling back to default profiles: default
2021-03-03 00:06:15 [main] INFO  o.a.catalina.core.StandardService - Starting service [Tomcat]
2021-03-03 00:06:15 [main] INFO  o.a.catalina.core.StandardEngine - Starting Servlet engine: [Apache Tomcat/9.0.37]
2021-03-03 00:06:15 [main] INFO  o.a.c.c.C.[Tomcat].[localhost].[/] - Initializing Spring embedded WebApplicationContext
2021-03-03 00:06:16 [main] INFO  o.h.jpa.internal.util.LogHelper - HHH000204: Processing PersistenceUnitInfo [name: default]
2021-03-03 00:06:16 [main] INFO  org.hibernate.Version - HHH000412: Hibernate ORM core version 5.4.18.Final
2021-03-03 00:06:16 [main] INFO  o.h.annotations.common.Version - HCANN000001: Hibernate Commons Annotations {5.1.0.Final}
2021-03-03 00:06:16 [main] INFO  com.zaxxer.hikari.HikariDataSource - HikariPool-1 - Starting...
2021-03-03 00:06:16 [main] INFO  com.zaxxer.hikari.HikariDataSource - HikariPool-1 - Start completed.
2021-03-03 00:06:16 [main] INFO  org.hibernate.dialect.Dialect - HHH000400: Using dialect: org.hibernate.dialect.H2Dialect
2021-03-03 00:06:18 [main] INFO  o.h.e.t.j.p.i.JtaPlatformInitiator - HHH000490: Using JtaPlatform implementation: [org.hibernate.engine.transaction.jta.platform.internal.NoJtaPlatform]
2021-03-03 00:06:18 [main] DEBUG c.e.d.s.JWTAuthenticationVerficationFilter - Filter 'JWTAuthenticationVerficationFilter' configured for use
2021-03-03 00:06:21 [main] INFO  com.example.demo.SareetaApplication - Started SareetaApplication in 10.26 seconds (JVM running for 12.0)
2021-03-03 00:08:32 [http-nio-8080-exec-2] INFO  o.a.c.c.C.[Tomcat].[localhost].[/] - Initializing Spring DispatcherServlet 'dispatcherServlet'
2021-03-03 00:08:33 [http-nio-8080-exec-2] TRACE c.e.demo.controllers.UserController - User created: Moritz
2021-03-03 00:08:39 [http-nio-8080-exec-3] TRACE c.e.demo.controllers.UserController - User creation failed: Moritz2 - pass and conf pass do not match
2021-03-03 00:08:42 [http-nio-8080-exec-5] TRACE c.e.demo.controllers.UserController - User created: Moritz2
2021-03-03 00:08:46 [http-nio-8080-exec-6] DEBUG c.e.d.s.JWTAuthenticationFilter - Request is to process authentication
2021-03-03 00:08:47 [http-nio-8080-exec-6] DEBUG c.e.d.s.JWTAuthenticationFilter - Authentication request failed: org.springframework.security.authentication.BadCredentialsException: Bad credentials
org.springframework.security.authentication.BadCredentialsException: Bad credentials
	at org.springframework.security.authentication.dao.DaoAuthenticationProvider.additionalAuthenticationChecks(DaoAuthenticationProvider.java:93)
	at org.springframework.security.authentication.dao.AbstractUserDetailsAuthenticationProvider.authenticate(AbstractUserDetailsAuthenticationProvider.java:166)
	at org.springframework.security.authentication.ProviderManager.authenticate(ProviderManager.java:199)
	at com.example.demo.security.JWTAuthenticationFilter.attemptAuthentication(JWTAuthenticationFilter.java:43)
	at org.springframework.security.web.authentication.AbstractAuthenticationProcessingFilter.doFilter(AbstractAuthenticationProcessingFilter.java:212)
	at org.springframework.security.web.FilterChainProxy$VirtualFilterChain.doFilter(FilterChainProxy.java:334)
	at org.springframework.security.web.authentication.logout.LogoutFilter.doFilter(LogoutFilter.java:116)
	at org.springframework.security.web.FilterChainProxy$VirtualFilterChain.doFilter(FilterChainProxy.java:334)
	at org.springframework.web.filter.CorsFilter.doFilterInternal(CorsFilter.java:92)
	at org.springframework.web.filter.OncePerRequestFilter.doFilter(OncePerRequestFilter.java:119)
	at org.springframework.security.web.FilterChainProxy$VirtualFilterChain.doFilter(FilterChainProxy.java:334)
	at org.springframework.security.web.header.HeaderWriterFilter.doHeadersAfter(HeaderWriterFilter.java:92)
	at org.springframework.security.web.header.HeaderWriterFilter.doFilterInternal(HeaderWriterFilter.java:77)
	at org.springframework.web.filter.OncePerRequestFilter.doFilter(OncePerRequestFilter.java:119)
	at org.springframework.security.web.FilterChainProxy$VirtualFilterChain.doFilter(FilterChainProxy.java:334)
	at org.springframework.security.web.context.SecurityContextPersistenceFilter.doFilter(SecurityContextPersistenceFilter.java:105)
	at org.springframework.security.web.FilterChainProxy$VirtualFilterChain.doFilter(FilterChainProxy.java:334)
	at org.springframework.security.web.context.request.async.WebAsyncManagerIntegrationFilter.doFilterInternal(WebAsyncManagerIntegrationFilter.java:56)
	at org.springframework.web.filter.OncePerRequestFilter.doFilter(OncePerRequestFilter.java:119)
	at org.springframework.security.web.FilterChainProxy$VirtualFilterChain.doFilter(FilterChainProxy.java:334)
	at org.springframework.security.web.FilterChainProxy.doFilterInternal(FilterChainProxy.java:215)
	at org.springframework.security.web.FilterChainProxy.doFilter(FilterChainProxy.java:178)
	at org.springframework.web.filter.DelegatingFilterProxy.invokeDelegate(DelegatingFilterProxy.java:358)
	at org.springframework.web.filter.DelegatingFilterProxy.doFilter(DelegatingFilterProxy.java:271)
	at org.apache.catalina.core.ApplicationFilterChain.internalDoFilter(ApplicationFilterChain.java:193)
	at org.apache.catalina.core.ApplicationFilterChain.doFilter(ApplicationFilterChain.java:166)
	at org.springframework.web.filter.RequestContextFilter.doFilterInternal(RequestContextFilter.java:100)
	at org.springframework.web.filter.OncePerRequestFilter.doFilter(OncePerRequestFilter.java:119)
	at org.apache.catalina.core.ApplicationFilterChain.internalDoFilter(ApplicationFilterChain.java:193)
	at org.apache.catalina.core.ApplicationFilterChain.doFilter(ApplicationFilterChain.java:166)
	at org.springframework.web.filter.FormContentFilter.doFilterInternal(FormContentFilter.java:93)
	at org.springframework.web.filter.OncePerRequestFilter.doFilter(OncePerRequestFilter.java:119)
	at org.apache.catalina.core.ApplicationFilterChain.internalDoFilter(ApplicationFilterChain.java:193)
	at org.apache.catalina.core.ApplicationFilterChain.doFilter(ApplicationFilterChain.java:166)
	at org.springframework.web.filter.CharacterEncodingFilter.doFilterInternal(CharacterEncodingFilter.java:201)
	at org.springframework.web.filter.OncePerRequestFilter.doFilter(OncePerRequestFilter.java:119)
	at org.apache.catalina.core.ApplicationFilterChain.internalDoFilter(ApplicationFilterChain.java:193)
	at org.apache.catalina.core.ApplicationFilterChain.doFilter(ApplicationFilterChain.java:166)
	at org.apache.catalina.core.StandardWrapperValve.invoke(StandardWrapperValve.java:202)
	at org.apache.catalina.core.StandardContextValve.invoke(StandardContextValve.java:96)
	at org.apache.catalina.authenticator.AuthenticatorBase.invoke(AuthenticatorBase.java:541)
	at org.apache.catalina.core.StandardHostValve.invoke(StandardHostValve.java:139)
	at org.apache.catalina.valves.ErrorReportValve.invoke(ErrorReportValve.java:92)
	at org.apache.catalina.core.StandardEngineValve.invoke(StandardEngineValve.java:74)
	at org.apache.catalina.connector.CoyoteAdapter.service(CoyoteAdapter.java:343)
	at org.apache.coyote.http11.Http11Processor.service(Http11Processor.java:373)
	at org.apache.coyote.AbstractProcessorLight.process(AbstractProcessorLight.java:65)
	at org.apache.coyote.AbstractProtocol$ConnectionHandler.process(AbstractProtocol.java:868)
	at org.apache.tomcat.util.net.NioEndpoint$SocketProcessor.doRun(NioEndpoint.java:1589)
	at org.apache.tomcat.util.net.SocketProcessorBase.run(SocketProcessorBase.java:49)
	at java.base/java.util.concurrent.ThreadPoolExecutor.runWorker(ThreadPoolExecutor.java:1130)
	at java.base/java.util.concurrent.ThreadPoolExecutor$Worker.run(ThreadPoolExecutor.java:630)
	at org.apache.tomcat.util.threads.TaskThread$WrappingRunnable.run(TaskThread.java:61)
	at java.base/java.lang.Thread.run(Thread.java:832)
2021-03-03 00:08:47 [http-nio-8080-exec-6] DEBUG c.e.d.s.JWTAuthenticationFilter - Updated SecurityContextHolder to contain null Authentication
2021-03-03 00:08:47 [http-nio-8080-exec-6] DEBUG c.e.d.s.JWTAuthenticationFilter - Delegating to authentication failure handler org.springframework.security.web.authentication.SimpleUrlAuthenticationFailureHandler@8fc1ed8
2021-03-03 00:08:49 [http-nio-8080-exec-7] DEBUG c.e.d.s.JWTAuthenticationFilter - Request is to process authentication
2021-03-03 00:08:56 [http-nio-8080-exec-8] TRACE c.e.demo.controllers.CartController - addToCart - item added: Moritz - 1
2021-03-03 00:09:01 [http-nio-8080-exec-9] TRACE c.e.demo.controllers.CartController - addToCart - item not found: 5
2021-03-03 00:09:22 [http-nio-8080-exec-3] TRACE c.e.demo.controllers.CartController - addToCart - item added: Moritz - 1
2021-03-03 00:09:38 [http-nio-8080-exec-5] TRACE c.e.demo.controllers.CartController - addToCart - item added: Moritz - 2
2021-03-03 00:09:45 [http-nio-8080-exec-6] TRACE c.e.demo.controllers.CartController - removeFromcart - item removed: Moritz - 1
2021-03-03 00:09:55 [http-nio-8080-exec-9] TRACE c.e.demo.controllers.OrderController - Order created for: Moritz with 5 items.
